c:\puttytray\windows\msvc\putty\debug\sshaes.obj
c:\puttytray\windows\msvc\putty\debug\settings.obj
c:\puttytray\windows\msvc\putty\debug\sercfg.obj
c:\puttytray\windows\msvc\putty\debug\rlogin.obj
c:\puttytray\windows\msvc\putty\debug\raw.obj
c:\puttytray\windows\msvc\putty\debug\proxy.obj
c:\puttytray\windows\msvc\putty\debug\portfwd.obj
c:\puttytray\windows\msvc\putty\debug\pinger.obj
c:\puttytray\windows\msvc\putty\debug\pgssapi.obj
c:\puttytray\windows\msvc\putty\debug\misc.obj
c:\puttytray\windows\msvc\putty\debug\minibidi.obj
c:\puttytray\windows\msvc\putty\debug\logging.obj
c:\puttytray\windows\msvc\putty\debug\ldiscucs.obj
c:\puttytray\windows\msvc\putty\debug\ldisc.obj
c:\puttytray\windows\msvc\putty\debug\dialog.obj
c:\puttytray\windows\msvc\putty\debug\cproxy.obj
c:\puttytray\windows\msvc\putty\debug\config.obj
c:\puttytray\windows\msvc\putty\debug\cmdline.obj
c:\puttytray\windows\msvc\putty\debug\be_all_s.obj
c:\puttytray\windows\msvc\putty\debug\adb.obj
c:\puttytray\windows\msvc\putty\debug\timing.obj
c:\puttytray\windows\msvc\putty\debug\terminal.obj
c:\puttytray\windows\msvc\putty\debug\telnet.obj
c:\puttytray\windows\msvc\putty\debug\sshzlib.obj
c:\puttytray\windows\msvc\putty\debug\sshsha.obj
c:\puttytray\windows\msvc\putty\debug\sshsh512.obj
c:\puttytray\windows\msvc\putty\debug\sshsh256.obj
c:\puttytray\windows\msvc\putty\debug\sshrsa.obj
c:\puttytray\windows\msvc\putty\debug\sshrand.obj
c:\puttytray\windows\msvc\putty\debug\sshpubk.obj
c:\puttytray\windows\msvc\putty\debug\sshmd5.obj
c:\puttytray\windows\msvc\putty\debug\sshgssc.obj
c:\puttytray\windows\msvc\putty\debug\sshdss.obj
c:\puttytray\windows\msvc\putty\debug\sshdh.obj
c:\puttytray\windows\msvc\putty\debug\sshdes.obj
c:\puttytray\windows\msvc\putty\debug\sshcrcda.obj
c:\puttytray\windows\msvc\putty\debug\sshcrc.obj
c:\puttytray\windows\msvc\putty\debug\sshbn.obj
c:\puttytray\windows\msvc\putty\debug\sshblowf.obj
c:\puttytray\windows\msvc\putty\debug\ssharcf.obj
c:\puttytray\windows\msvc\putty\debug\winpgntc.obj
c:\puttytray\windows\msvc\putty\debug\winnoise.obj
c:\puttytray\windows\msvc\putty\debug\winnet.obj
c:\puttytray\windows\msvc\putty\debug\winmisc.obj
c:\puttytray\windows\msvc\putty\debug\winjump.obj
c:\puttytray\windows\msvc\putty\debug\winhelp.obj
c:\puttytray\windows\msvc\putty\debug\winhandl.obj
c:\puttytray\windows\msvc\putty\debug\wingss.obj
c:\puttytray\windows\msvc\putty\debug\window.obj
c:\puttytray\windows\msvc\putty\debug\windlg.obj
c:\puttytray\windows\msvc\putty\debug\windefs.obj
c:\puttytray\windows\msvc\putty\debug\winctrls.obj
c:\puttytray\windows\msvc\putty\debug\wincfg.obj
c:\puttytray\windows\msvc\putty\debug\sizetip.obj
c:\puttytray\windows\msvc\putty\debug\pickicondialog.obj
c:\puttytray\windows\msvc\putty\debug\x11fwd.obj
c:\puttytray\windows\msvc\putty\debug\wildcard.obj
c:\puttytray\windows\msvc\putty\debug\wcwidth.obj
c:\puttytray\windows\msvc\putty\debug\version.obj
c:\puttytray\windows\msvc\putty\debug\tree234.obj
c:\puttytray\windows\msvc\putty\debug\winx11.obj
c:\puttytray\windows\msvc\putty\debug\winutils.obj
c:\puttytray\windows\msvc\putty\debug\winucs.obj
c:\puttytray\windows\msvc\putty\debug\wintime.obj
c:\puttytray\windows\msvc\putty\debug\winstore.obj
c:\puttytray\windows\msvc\putty\debug\winser.obj
c:\puttytray\windows\msvc\putty\debug\winproxy.obj
c:\puttytray\windows\msvc\putty\debug\winprint.obj
c:\puttytray\windows\msvc\putty\debug\vc140.pdb
c:\puttytray\windows\msvc\putty\debug\ssh.obj
c:\puttytray\windows\msvc\putty\debug\urlhack_win.obj
c:\puttytray\windows\msvc\putty\debug\regexp.obj
c:\puttytray\windows\msvc\putty\debug\urlhack.obj
c:\puttytray\windows\msvc\putty\debug\putty.ilk
c:\puttytray\windows\msvc\putty\debug\putty.exe
c:\puttytray\windows\msvc\putty\debug\putty.pdb
c:\puttytray\windows\msvc\putty\debug\putty.res
c:\puttytray\windows\msvc\putty\.\debug\putty.exe
c:\puttytray\windows\msvc\putty\debug\putty.tlog\cl.command.1.tlog
c:\puttytray\windows\msvc\putty\debug\putty.tlog\cl.read.1.tlog
c:\puttytray\windows\msvc\putty\debug\putty.tlog\cl.write.1.tlog
c:\puttytray\windows\msvc\putty\debug\putty.tlog\link.command.1.tlog
c:\puttytray\windows\msvc\putty\debug\putty.tlog\link.read.1.tlog
c:\puttytray\windows\msvc\putty\debug\putty.tlog\link.write.1.tlog
c:\puttytray\windows\msvc\putty\debug\putty.tlog\rc.command.1.tlog
c:\puttytray\windows\msvc\putty\debug\putty.tlog\rc.read.1.tlog
c:\puttytray\windows\msvc\putty\debug\putty.tlog\rc.write.1.tlog
